#Thread(1) 2024-05-16 16:30:22.276: INFO: Platform: x64, framework: .NETCoreApp,Version=v6.0
#Thread(1) 2024-05-16 16:30:22.284: INFO: Core version 1.5.0.0, started with command line: "C:\Users\Admin\AppData\Local\Application Inspector Analyzer\utils\jsa.net\JSA.Launcher.dll" --connection-type Pipe -p pipe-2e2edf42-2c51-4692-ae13-00b67752d0aa-jsanet --disable-memory-limit false --free-memory-percent-limit 14 --logs-dir v:\lab12\lab12\.ai\Logs\Infrastructure\2024-05-16-16-30-11\JsaNet --language csharp
#Thread(11) 2024-05-16 16:30:23.978: INFO: Toolset MSBuildSDKsPath = `C:\Users\Admin\AppData\Local\Application Inspector Analyzer\utils\jsa.net\MSBuild\Dotnet\sdk\100.0.0\Sdks`
#Thread(11) 2024-05-16 16:30:24.463: INFO: Selected language provider: JSA.NetProvider v1.2.0.0
#Thread(11) 2024-05-16 16:30:48.672: INFO: Solution 'v:\lab12\lab12\fake.sln' with 4 projects loaded, failed projects: 0, skipped projects: 0.
#Thread(12) 2024-05-16 16:30:52.368: ERROR: File `v:\lab12\lab12\Helpers\obj\Debug\net6.0\.NETCoreApp,Version=v6.0.AssemblyAttributes.cs` is not included in any project or not compiled.
#Thread(12) 2024-05-16 16:30:52.380: ERROR: File `v:\lab12\lab12\Helpers\obj\Debug\net6.0\Helpers.AssemblyInfo.cs` is not included in any project or not compiled.
#Thread(12) 2024-05-16 16:30:52.380: ERROR: File `v:\lab12\lab12\Helpers\obj\Debug\net6.0\Helpers.GlobalUsings.g.cs` is not included in any project or not compiled.
#Thread(12) 2024-05-16 16:30:52.681: ERROR: File `v:\lab12\lab12\l10\obj\Debug\net6.0\.NETCoreApp,Version=v6.0.AssemblyAttributes.cs` is not included in any project or not compiled.
#Thread(12) 2024-05-16 16:30:52.681: ERROR: File `v:\lab12\lab12\l10\obj\Debug\net6.0\l10.AssemblyInfo.cs` is not included in any project or not compiled.
#Thread(12) 2024-05-16 16:30:52.681: ERROR: File `v:\lab12\lab12\l10\obj\Debug\net6.0\l10.GlobalUsings.g.cs` is not included in any project or not compiled.
#Thread(12) 2024-05-16 16:30:52.830: ERROR: File `v:\lab12\lab12\lab12\obj\Debug\net6.0\.NETCoreApp,Version=v6.0.AssemblyAttributes.cs` is not included in any project or not compiled.
#Thread(12) 2024-05-16 16:30:52.830: ERROR: File `v:\lab12\lab12\lab12\obj\Debug\net6.0\lab12.AssemblyInfo.cs` is not included in any project or not compiled.
#Thread(12) 2024-05-16 16:30:52.830: ERROR: File `v:\lab12\lab12\lab12\obj\Debug\net6.0\lab12.GlobalUsings.g.cs` is not included in any project or not compiled.
#Thread(12) 2024-05-16 16:30:52.839: ERROR: File `v:\lab12\lab12\TestProject1\obj\Debug\net6.0\.NETCoreApp,Version=v6.0.AssemblyAttributes.cs` is not included in any project or not compiled.
#Thread(12) 2024-05-16 16:30:52.839: ERROR: File `v:\lab12\lab12\TestProject1\obj\Debug\net6.0\TestProject1.AssemblyInfo.cs` is not included in any project or not compiled.
#Thread(12) 2024-05-16 16:30:52.839: ERROR: File `v:\lab12\lab12\TestProject1\obj\Debug\net6.0\TestProject1.GlobalUsings.g.cs` is not included in any project or not compiled.
#Thread(21) 2024-05-16 16:30:52.881: INFO: Invoking Entry point "p/p method: Helpers.Helpers.EnterUInt(System.String keyNum, System.UInt32 minValue, System.UInt32 maxValue)" in "v:\lab12\lab12\Helpers\Helpers.cs" ...
#Thread(16) 2024-05-16 16:30:52.882: INFO: Invoking Entry point "p/p method: Helpers.Helpers.GetOrCreateRandom()" in "v:\lab12\lab12\Helpers\Helpers.cs" ...
#Thread(17) 2024-05-16 16:30:52.912: INFO: Invoking Entry point "p/p method: l10.Game.Show()" in "v:\lab12\lab12\l10\Game.cs" ...
#Thread(18) 2024-05-16 16:30:52.916: INFO: Invoking Entry point "p/p method: l10.Game.ShowVirtual()" in "v:\lab12\lab12\l10\Game.cs" ...
#Thread(22) 2024-05-16 16:30:52.918: INFO: Invoking Entry point "p/p method: l10.Game.Init()" in "v:\lab12\lab12\l10\Game.cs" ...
#Thread(20) 2024-05-16 16:30:52.921: INFO: Invoking Entry point "p/p method: l10.Game.RandomInit()" in "v:\lab12\lab12\l10\Game.cs" ...
#Thread(19) 2024-05-16 16:30:52.924: INFO: Invoking Entry point "p/p method: l10.Game.Equals(System.Object obj)" in "v:\lab12\lab12\l10\Game.cs" ...
#Thread(16) 2024-05-16 16:30:53.751: INFO: Entry point invocation completed in 00:00:00.8685732

#Thread(16) 2024-05-16 16:30:53.759: INFO: Invoking Entry point "p/p method: l10.Game.ToString()" in "v:\lab12\lab12\l10\Game.cs" ...
#Thread(16) 2024-05-16 16:30:53.771: INFO: Entry point invocation completed in 00:00:00.0125111

#Thread(18) 2024-05-16 16:30:53.777: INFO: Entry point invocation completed in 00:00:00.8610655

#Thread(17) 2024-05-16 16:30:53.787: INFO: Entry point invocation completed in 00:00:00.8641250

#Thread(19) 2024-05-16 16:30:53.788: INFO: Entry point invocation completed in 00:00:00.8646272

#Thread(16) 2024-05-16 16:30:53.789: INFO: Invoking Entry point "p/p method: l10.Game.CompareTo(System.Object obj)" in "v:\lab12\lab12\l10\Game.cs" ...
#Thread(18) 2024-05-16 16:30:53.791: INFO: Invoking Entry point "p/p method: l10.Game.Clone()" in "v:\lab12\lab12\l10\Game.cs" ...
#Thread(20) 2024-05-16 16:30:53.792: INFO: Entry point invocation completed in 00:00:00.8706199

#Thread(17) 2024-05-16 16:30:53.795: INFO: Invoking Entry point "p/p method: l10.Game.ShallowCopy()" in "v:\lab12\lab12\l10\Game.cs" ...
#Thread(19) 2024-05-16 16:30:53.805: INFO: Invoking Entry point "p/p method: l10.Game.IdNumber.ToString()" in "v:\lab12\lab12\l10\Game.cs" ...
#Thread(17) 2024-05-16 16:30:53.805: INFO: Entry point invocation completed in 00:00:00.0107459

#Thread(19) 2024-05-16 16:30:53.807: INFO: Entry point invocation completed in 00:00:00.0021676

#Thread(18) 2024-05-16 16:30:53.808: INFO: Entry point invocation completed in 00:00:00.0172482

#Thread(16) 2024-05-16 16:30:53.812: INFO: Entry point invocation completed in 00:00:00.0230318

#Thread(20) 2024-05-16 16:30:53.817: INFO: Invoking Entry point "p/p method: l10.Game.IdNumber.Equals(System.Object obj)" in "v:\lab12\lab12\l10\Game.cs" ...
#Thread(19) 2024-05-16 16:30:53.817: INFO: Invoking Entry point "p/p method: l10.IInit.RandomInit()" in "v:\lab12\lab12\l10\IInit.cs" ...
#Thread(16) 2024-05-16 16:30:53.818: INFO: Invoking Entry point "p/p method: Laba10.VideoGame.ShowVirtual()" in "v:\lab12\lab12\l10\VideoGame.cs" ...
#Thread(20) 2024-05-16 16:30:53.824: INFO: Entry point invocation completed in 00:00:00.0062135

#Thread(19) 2024-05-16 16:30:53.826: INFO: Entry point invocation completed in 00:00:00.0080296

#Thread(20) 2024-05-16 16:30:53.834: INFO: Invoking Entry point "p/p method: Laba10.VideoGame.Init()" in "v:\lab12\lab12\l10\VideoGame.cs" ...
#Thread(17) 2024-05-16 16:30:53.834: INFO: Invoking Entry point "p/p method: l10.IInit.Init()" in "v:\lab12\lab12\l10\IInit.cs" ...
#Thread(17) 2024-05-16 16:30:53.834: INFO: Entry point invocation completed in 00:00:00.0001816

#Thread(19) 2024-05-16 16:30:53.854: INFO: Invoking Entry point "p/p method: Laba10.VideoGame.RandomInit()" in "v:\lab12\lab12\l10\VideoGame.cs" ...
#Thread(17) 2024-05-16 16:30:53.854: INFO: Invoking Entry point "p/p method: Laba10.VideoGame.Equals(System.Object obj)" in "v:\lab12\lab12\l10\VideoGame.cs" ...
#Thread(16) 2024-05-16 16:30:53.859: INFO: Entry point invocation completed in 00:00:00.0406913

#Thread(18) 2024-05-16 16:30:53.864: INFO: Invoking Entry point "p/p method: Laba10.VideoGame.Show()" in "v:\lab12\lab12\l10\VideoGame.cs" ...
#Thread(19) 2024-05-16 16:30:53.874: INFO: Entry point invocation completed in 00:00:00.0401197

#Thread(17) 2024-05-16 16:30:53.874: INFO: Entry point invocation completed in 00:00:00.0194912

#Thread(18) 2024-05-16 16:30:53.876: INFO: Entry point invocation completed in 00:00:00.0424037

#Thread(19) 2024-05-16 16:30:53.885: INFO: Invoking Entry point "p/p method: l10.VRGame.Show()" in "v:\lab12\lab12\l10\VRGame.cs" ...
#Thread(17) 2024-05-16 16:30:53.885: INFO: Invoking Entry point "p/p method: l10.VRGame.ShowVirtual()" in "v:\lab12\lab12\l10\VRGame.cs" ...
#Thread(16) 2024-05-16 16:30:53.885: INFO: Invoking Entry point "p/p method: Laba10.VideoGame.Clone()" in "v:\lab12\lab12\l10\VideoGame.cs" ...
#Thread(18) 2024-05-16 16:30:53.889: INFO: Invoking Entry point "p/p method: l10.VRGame.Init()" in "v:\lab12\lab12\l10\VRGame.cs" ...
#Thread(19) 2024-05-16 16:30:53.897: INFO: Entry point invocation completed in 00:00:00.0121040

#Thread(16) 2024-05-16 16:30:53.901: INFO: Entry point invocation completed in 00:00:00.0158948

#Thread(17) 2024-05-16 16:30:53.905: INFO: Entry point invocation completed in 00:00:00.0204671

#Thread(19) 2024-05-16 16:30:53.908: INFO: Invoking Entry point "p/p method: l10.VRGame.RandomInit()" in "v:\lab12\lab12\l10\VRGame.cs" ...
#Thread(16) 2024-05-16 16:30:53.911: INFO: Invoking Entry point "p/p method: l10.VRGame.Equals(System.Object obj)" in "v:\lab12\lab12\l10\VRGame.cs" ...
#Thread(17) 2024-05-16 16:30:53.913: INFO: Invoking Entry point "p/p method: lab12.List.ListNode.ToString()" in "v:\lab12\lab12\lab12\List\ListNode.cs" ...
#Thread(17) 2024-05-16 16:30:53.924: INFO: Entry point invocation completed in 00:00:00.0107926

#Thread(16) 2024-05-16 16:30:53.936: INFO: Entry point invocation completed in 00:00:00.0255240

#Thread(17) 2024-05-16 16:30:53.939: INFO: Invoking Entry point "p/p method: lab12.List.MyList.AddItemStart(%GenericTemplate% item)" in "v:\lab12\lab12\lab12\List\MyList.cs" ...
#Thread(16) 2024-05-16 16:30:53.948: INFO: Invoking Entry point "p/p method: lab12.List.MyList.AddItemEnd(%GenericTemplate% item)" in "v:\lab12\lab12\lab12\List\MyList.cs" ...
#Thread(17) 2024-05-16 16:30:53.949: INFO: Entry point invocation completed in 00:00:00.0105826

#Thread(19) 2024-05-16 16:30:53.950: INFO: Entry point invocation completed in 00:00:00.0422314

#Thread(16) 2024-05-16 16:30:53.952: INFO: Entry point invocation completed in 00:00:00.0037509

#Thread(19) 2024-05-16 16:30:53.961: INFO: Invoking Entry point "p/p method: lab12.List.MyList.RemoveItem(System.Func comparer, System.Boolean reversed)" in "v:\lab12\lab12\lab12\List\MyList.cs" ...
#Thread(19) 2024-05-16 16:30:53.970: INFO: Entry point invocation completed in 00:00:00.0091839

#Thread(16) 2024-05-16 16:30:53.983: INFO: Invoking Entry point "p/p method: lab12.List.MyList.FindItem(System.Func comparer, System.Boolean reversed)" in "v:\lab12\lab12\lab12\List\MyList.cs" ...
#Thread(16) 2024-05-16 16:30:53.988: INFO: Entry point invocation completed in 00:00:00.0265523

#Thread(19) 2024-05-16 16:30:53.988: INFO: Invoking Entry point "p/p method: lab12.List.MyList.Clone()" in "v:\lab12\lab12\lab12\List\MyList.cs" ...
#Thread(19) 2024-05-16 16:30:53.991: INFO: Entry point invocation completed in 00:00:00.0034299

#Thread(17) 2024-05-16 16:30:53.992: INFO: Invoking Entry point "p/p method: lab12.List.MyList.Print()" in "v:\lab12\lab12\lab12\List\MyList.cs" ...
#Thread(17) 2024-05-16 16:30:53.998: INFO: Entry point invocation completed in 00:00:00.0363817

#Thread(16) 2024-05-16 16:30:54.000: INFO: Invoking Entry point "p/p method: lab12.List.MyList.Clear()" in "v:\lab12\lab12\lab12\List\MyList.cs" ...
#Thread(16) 2024-05-16 16:30:54.002: INFO: Entry point invocation completed in 00:00:00.0020966

#Thread(19) 2024-05-16 16:30:54.008: INFO: Invoking Entry point "Main method: lab12.Program.Main()" in "v:\lab12\lab12\lab12\Program.cs" ...
#Thread(17) 2024-05-16 16:30:54.010: INFO: Invoking Entry point "p/p method: lab12.Program.Task1()" in "v:\lab12\lab12\lab12\Program.cs" ...
#Thread(16) 2024-05-16 16:30:54.012: INFO: Invoking Entry point "p/p method: lab12.Program.DeleteLastElementWithNameWrapper(lab12.List.MyList gamesList)" in "v:\lab12\lab12\lab12\Program.cs" ...
#Thread(16) 2024-05-16 16:30:54.074: INFO: Entry point invocation completed in 00:00:00.0624375

#Thread(16) 2024-05-16 16:30:54.089: INFO: Invoking Entry point "p/p method: lab12.Program.DeleteLastElementWithName(lab12.List.MyList gamesList, System.String name)" in "v:\lab12\lab12\lab12\Program.cs" ...
#Thread(16) 2024-05-16 16:30:54.110: INFO: Entry point invocation completed in 00:00:00.0202593

#Thread(16) 2024-05-16 16:30:54.132: INFO: Invoking Entry point "p/p method: lab12.Program.AddKElementsToListEndWrapper(lab12.List.MyList games)" in "v:\lab12\lab12\lab12\Program.cs" ...
#Thread(21) 2024-05-16 16:30:58.146: INFO: Entry point invocation completed in 00:00:05.2655463

#Thread(21) 2024-05-16 16:30:58.173: INFO: Invoking Entry point "p/p method: lab12.Program.AddKElementsToListEnd(lab12.List.MyList gamesList, System.UInt32 k)" in "v:\lab12\lab12\lab12\Program.cs" ...
#Thread(21) 2024-05-16 16:30:58.239: INFO: Entry point invocation completed in 00:00:00.0664700

#Thread(21) 2024-05-16 16:30:58.255: INFO: Invoking Entry point "p/p method: TestProject1.Tests.Setup()" in "v:\lab12\lab12\TestProject1\UnitTest1.cs" ...
#Thread(21) 2024-05-16 16:30:58.256: INFO: Entry point invocation completed in 00:00:00.0002906

#Thread(21) 2024-05-16 16:30:58.282: INFO: Invoking Entry point "p/p method: TestProject1.Tests.TestDeleteFromEmpty()" in "v:\lab12\lab12\TestProject1\UnitTest1.cs" ...
#Thread(21) 2024-05-16 16:30:58.296: INFO: Entry point invocation completed in 00:00:00.0136930

#Thread(21) 2024-05-16 16:30:58.309: INFO: Invoking Entry point "p/p method: TestProject1.Tests.TestDeleteNonExistingElement()" in "v:\lab12\lab12\TestProject1\UnitTest1.cs" ...
#Thread(21) 2024-05-16 16:30:58.438: INFO: Entry point invocation completed in 00:00:00.1292285

#Thread(21) 2024-05-16 16:30:58.452: INFO: Invoking Entry point "p/p method: TestProject1.Tests.TestDeleteFirstElement()" in "v:\lab12\lab12\TestProject1\UnitTest1.cs" ...
#Thread(21) 2024-05-16 16:30:58.569: INFO: Entry point invocation completed in 00:00:00.1176235

#Thread(21) 2024-05-16 16:30:58.585: INFO: Invoking Entry point "p/p method: TestProject1.Tests.TestDeleteLastElement()" in "v:\lab12\lab12\TestProject1\UnitTest1.cs" ...
#Thread(21) 2024-05-16 16:30:58.689: INFO: Entry point invocation completed in 00:00:00.1037398

#Thread(21) 2024-05-16 16:30:58.702: INFO: Invoking Entry point "p/p method: TestProject1.Tests.TestDeleteMiddleElement()" in "v:\lab12\lab12\TestProject1\UnitTest1.cs" ...
#Thread(21) 2024-05-16 16:30:58.871: INFO: Entry point invocation completed in 00:00:00.1695390

#Thread(21) 2024-05-16 16:30:58.898: INFO: Invoking Entry point "p/p method: TestProject1.Tests.AddToStartNull()" in "v:\lab12\lab12\TestProject1\UnitTest1.cs" ...
#Thread(21) 2024-05-16 16:30:58.901: INFO: Entry point invocation completed in 00:00:00.0023335

#Thread(21) 2024-05-16 16:30:58.934: INFO: Invoking Entry point "p/p method: TestProject1.Tests.AddToStartEmptyList()" in "v:\lab12\lab12\TestProject1\UnitTest1.cs" ...
#Thread(21) 2024-05-16 16:30:59.007: INFO: Entry point invocation completed in 00:00:00.0733402

#Thread(21) 2024-05-16 16:30:59.037: INFO: Invoking Entry point "p/p method: TestProject1.Tests.AddToStartNotEmptyList()" in "v:\lab12\lab12\TestProject1\UnitTest1.cs" ...
#Thread(21) 2024-05-16 16:30:59.168: INFO: Entry point invocation completed in 00:00:00.1311420

#Thread(21) 2024-05-16 16:30:59.202: INFO: Invoking Entry point "p/p method: TestProject1.Tests.AddToEndNull()" in "v:\lab12\lab12\TestProject1\UnitTest1.cs" ...
#Thread(21) 2024-05-16 16:30:59.234: INFO: Entry point invocation completed in 00:00:00.0317879

#Thread(21) 2024-05-16 16:30:59.279: INFO: Invoking Entry point "p/p method: TestProject1.Tests.AddToEndEmptyList()" in "v:\lab12\lab12\TestProject1\UnitTest1.cs" ...
#Thread(21) 2024-05-16 16:30:59.338: INFO: Entry point invocation completed in 00:00:00.0586803

#Thread(16) 2024-05-16 16:30:59.365: INFO: Entry point invocation completed in 00:00:05.2330471

#Thread(21) 2024-05-16 16:30:59.366: INFO: Invoking Entry point "p/p method: TestProject1.Tests.AddToEndNotEmptyList()" in "v:\lab12\lab12\TestProject1\UnitTest1.cs" ...
#Thread(16) 2024-05-16 16:30:59.398: INFO: Invoking Entry point "p/p method: TestProject1.Tests.TestPrint()" in "v:\lab12\lab12\TestProject1\UnitTest1.cs" ...
#Thread(21) 2024-05-16 16:30:59.485: INFO: Entry point invocation completed in 00:00:00.1184721

#Thread(21) 2024-05-16 16:30:59.512: INFO: Invoking Entry point "p/p method: TestProject1.Tests.TestPrintElementNull()" in "v:\lab12\lab12\TestProject1\UnitTest1.cs" ...
#Thread(16) 2024-05-16 16:30:59.568: INFO: Entry point invocation completed in 00:00:00.1707199

#Thread(16) 2024-05-16 16:30:59.595: INFO: Invoking Entry point "p/p method: TestProject1.Tests.TestConstructorCopyNull()" in "v:\lab12\lab12\TestProject1\UnitTest1.cs" ...
#Thread(16) 2024-05-16 16:30:59.596: INFO: Entry point invocation completed in 00:00:00.0009791

#Thread(16) 2024-05-16 16:30:59.648: INFO: Invoking Entry point "p/p method: TestProject1.Tests.TestConstructorCopyArray()" in "v:\lab12\lab12\TestProject1\UnitTest1.cs" ...
#Thread(21) 2024-05-16 16:30:59.676: INFO: Entry point invocation completed in 00:00:00.1638194

#Thread(21) 2024-05-16 16:30:59.703: INFO: Invoking Entry point "p/p method: TestProject1.Tests.TestEmptyConstructor()" in "v:\lab12\lab12\TestProject1\UnitTest1.cs" ...
#Thread(21) 2024-05-16 16:30:59.729: INFO: Entry point invocation completed in 00:00:00.0253489

#Thread(21) 2024-05-16 16:30:59.759: INFO: Invoking Entry point "p/p method: TestProject1.Tests.TestFindNotExisting()" in "v:\lab12\lab12\TestProject1\UnitTest1.cs" ...
#Thread(16) 2024-05-16 16:30:59.894: INFO: Entry point invocation completed in 00:00:00.2459014

#Thread(16) 2024-05-16 16:30:59.922: INFO: Invoking Entry point "p/p method: TestProject1.Tests.TestFindInEmpty()" in "v:\lab12\lab12\TestProject1\UnitTest1.cs" ...
#Thread(21) 2024-05-16 16:30:59.925: INFO: Entry point invocation completed in 00:00:00.1663839

#Thread(16) 2024-05-16 16:30:59.945: INFO: Entry point invocation completed in 00:00:00.0230513

#Thread(21) 2024-05-16 16:30:59.950: INFO: Invoking Entry point "p/p method: TestProject1.Tests.TestFindNullComparer()" in "v:\lab12\lab12\TestProject1\UnitTest1.cs" ...
#Thread(16) 2024-05-16 16:30:59.976: INFO: Invoking Entry point "p/p method: TestProject1.Tests.TestFindElement()" in "v:\lab12\lab12\TestProject1\UnitTest1.cs" ...
#Thread(21) 2024-05-16 16:31:00.110: INFO: Entry point invocation completed in 00:00:00.1602946

#Thread(21) 2024-05-16 16:31:00.140: INFO: Invoking Entry point "p/p method: TestProject1.Tests.TestFindWhenDataSabotaged()" in "v:\lab12\lab12\TestProject1\UnitTest1.cs" ...
#Thread(16) 2024-05-16 16:31:00.140: INFO: Entry point invocation completed in 00:00:00.1640287

#Thread(16) 2024-05-16 16:31:00.168: INFO: Invoking Entry point "p/p method: TestProject1.Tests.TestClone()" in "v:\lab12\lab12\TestProject1\UnitTest1.cs" ...
#Thread(21) 2024-05-16 16:31:00.326: INFO: Entry point invocation completed in 00:00:00.1867678

#Thread(21) 2024-05-16 16:31:00.356: INFO: Invoking Entry point "p/p method: TestProject1.Tests.TestCloneElementNull()" in "v:\lab12\lab12\TestProject1\UnitTest1.cs" ...
#Thread(16) 2024-05-16 16:31:00.483: INFO: Entry point invocation completed in 00:00:00.3155375

#Thread(21) 2024-05-16 16:31:00.515: INFO: Entry point invocation completed in 00:00:00.1594822

#Thread(16) 2024-05-16 16:31:00.515: INFO: Invoking Entry point "p/p method: TestProject1.Tests.TestClear()" in "v:\lab12\lab12\TestProject1\UnitTest1.cs" ...
#Thread(21) 2024-05-16 16:31:00.543: INFO: Invoking Entry point "p/p method: TestProject1.Tests.TestListNodeEmptyConstructor()" in "v:\lab12\lab12\TestProject1\UnitTest1.cs" ...
#Thread(21) 2024-05-16 16:31:00.564: INFO: Entry point invocation completed in 00:00:00.0214344

#Thread(16) 2024-05-16 16:31:00.671: INFO: Entry point invocation completed in 00:00:00.1558665

#Thread(17) 2024-05-16 16:31:09.925: INFO: Entry point invocation completed in 00:00:15.9152130

#Thread(19) 2024-05-16 16:31:10.113: INFO: Entry point invocation completed in 00:00:16.1052265

#Thread(22) 2024-05-16 16:31:55.123: INFO: Entry point invocation completed in 00:01:02.2054082

#Thread(20) 2024-05-16 16:32:09.556: INFO: Entry point invocation completed in 00:01:15.7224663

#Thread(18) 2024-05-16 16:32:24.344: INFO: Entry point invocation completed in 00:01:30.4548256

#Thread(12) 2024-05-16 16:32:24.844: INFO: Please implement this method for incremental scan support.
#Thread(12) 2024-05-16 16:32:24.845: INFO: Scan successfully finished!
