2024-05-16 16:30:50.932841 ║INFO	║ 15436	║ process file v:\lab12\lab12\Helpers
2024-05-16 16:30:50.937846 ║INFO	║ 15436	║ process file v:\lab12\lab12\Helpers\bin
2024-05-16 16:30:50.943850 ║INFO	║ 15436	║ process file v:\lab12\lab12\Helpers\bin\Debug
2024-05-16 16:30:50.947855 ║INFO	║ 15436	║ process file v:\lab12\lab12\Helpers\bin\Debug\net6.0
2024-05-16 16:30:50.951858 ║INFO	║ 15436	║ process file v:\lab12\lab12\Helpers\bin\Debug\net6.0\Helpers.deps.json
2024-05-16 16:30:50.956863 ║INFO	║ 15436	║ process file v:\lab12\lab12\Helpers\bin\Debug\net6.0\Helpers.dll
2024-05-16 16:30:50.960866 ║INFO	║ 15436	║ process file v:\lab12\lab12\Helpers\bin\Debug\net6.0\Helpers.pdb
2024-05-16 16:30:50.964870 ║INFO	║ 15436	║ process file v:\lab12\lab12\Helpers\obj
2024-05-16 16:30:50.968874 ║INFO	║ 15436	║ process file v:\lab12\lab12\Helpers\obj\Debug
2024-05-16 16:30:50.972877 ║INFO	║ 15436	║ process file v:\lab12\lab12\Helpers\obj\Debug\net6.0
2024-05-16 16:30:50.978881 ║INFO	║ 15436	║ process file v:\lab12\lab12\Helpers\obj\Debug\net6.0\ref
2024-05-16 16:30:50.982885 ║INFO	║ 15436	║ process file v:\lab12\lab12\Helpers\obj\Debug\net6.0\ref\Helpers.dll
2024-05-16 16:30:50.987889 ║INFO	║ 15436	║ process file v:\lab12\lab12\Helpers\obj\Debug\net6.0\refint
2024-05-16 16:30:50.992895 ║INFO	║ 15436	║ process file v:\lab12\lab12\Helpers\obj\Debug\net6.0\refint\Helpers.dll
2024-05-16 16:30:50.996899 ║INFO	║ 15436	║ process file v:\lab12\lab12\Helpers\obj\Debug\net6.0\.NETCoreApp,Version=v6.0.AssemblyAttributes.cs
2024-05-16 16:30:51.001903 ║INFO	║ 15436	║ process file v:\lab12\lab12\Helpers\obj\Debug\net6.0\Helpers.AssemblyInfo.cs
2024-05-16 16:30:51.006907 ║INFO	║ 15436	║ process file v:\lab12\lab12\Helpers\obj\Debug\net6.0\Helpers.AssemblyInfoInputs.cache
2024-05-16 16:30:51.011912 ║INFO	║ 15436	║ process file v:\lab12\lab12\Helpers\obj\Debug\net6.0\Helpers.assets.cache
2024-05-16 16:30:51.015916 ║INFO	║ 15436	║ process file v:\lab12\lab12\Helpers\obj\Debug\net6.0\Helpers.csproj.AssemblyReference.cache
2024-05-16 16:30:51.020920 ║INFO	║ 15436	║ process file v:\lab12\lab12\Helpers\obj\Debug\net6.0\Helpers.csproj.CoreCompileInputs.cache
2024-05-16 16:30:51.025925 ║INFO	║ 15436	║ process file v:\lab12\lab12\Helpers\obj\Debug\net6.0\Helpers.csproj.FileListAbsolute.txt
2024-05-16 16:30:51.029929 ║INFO	║ 15436	║ process file v:\lab12\lab12\Helpers\obj\Debug\net6.0\Helpers.dll
2024-05-16 16:30:51.034933 ║INFO	║ 15436	║ process file v:\lab12\lab12\Helpers\obj\Debug\net6.0\Helpers.GeneratedMSBuildEditorConfig.editorconfig
2024-05-16 16:30:51.039938 ║INFO	║ 15436	║ process file v:\lab12\lab12\Helpers\obj\Debug\net6.0\Helpers.GlobalUsings.g.cs
2024-05-16 16:30:51.043941 ║INFO	║ 15436	║ process file v:\lab12\lab12\Helpers\obj\Debug\net6.0\Helpers.pdb
2024-05-16 16:30:51.048946 ║INFO	║ 15436	║ process file v:\lab12\lab12\Helpers\obj\Helpers.csproj.nuget.dgspec.json
2024-05-16 16:30:51.052950 ║INFO	║ 15436	║ process file v:\lab12\lab12\Helpers\obj\Helpers.csproj.nuget.g.props
2024-05-16 16:30:51.057954 ║INFO	║ 15436	║ process file v:\lab12\lab12\Helpers\obj\Helpers.csproj.nuget.g.targets
2024-05-16 16:30:51.061958 ║INFO	║ 15436	║ process file v:\lab12\lab12\Helpers\obj\project.assets.json
2024-05-16 16:30:51.066963 ║INFO	║ 15436	║ process file v:\lab12\lab12\Helpers\obj\project.nuget.cache
2024-05-16 16:30:51.071967 ║INFO	║ 15436	║ process file v:\lab12\lab12\Helpers\obj\project.packagespec.json
2024-05-16 16:30:51.076972 ║INFO	║ 15436	║ process file v:\lab12\lab12\Helpers\obj\rider.project.model.nuget.info
2024-05-16 16:30:51.080975 ║INFO	║ 15436	║ process file v:\lab12\lab12\Helpers\obj\rider.project.restore.info
2024-05-16 16:30:51.085980 ║INFO	║ 15436	║ process file v:\lab12\lab12\Helpers\Helpers.cs
2024-05-16 16:30:51.090984 ║INFO	║ 15436	║ process file v:\lab12\lab12\Helpers\Helpers.csproj
2024-05-16 16:30:51.095989 ║INFO	║ 15436	║ process file v:\lab12\lab12\l10
2024-05-16 16:30:51.100994 ║INFO	║ 15436	║ process file v:\lab12\lab12\l10\bin
2024-05-16 16:30:51.105998 ║INFO	║ 15436	║ process file v:\lab12\lab12\l10\bin\Debug
2024-05-16 16:30:51.112003 ║INFO	║ 15436	║ process file v:\lab12\lab12\l10\bin\Debug\net6.0
2024-05-16 16:30:51.116006 ║INFO	║ 15436	║ process file v:\lab12\lab12\l10\bin\Debug\net6.0\Helpers.dll
2024-05-16 16:30:51.121012 ║INFO	║ 15436	║ process file v:\lab12\lab12\l10\bin\Debug\net6.0\Helpers.pdb
2024-05-16 16:30:51.126016 ║INFO	║ 15436	║ process file v:\lab12\lab12\l10\bin\Debug\net6.0\l10.deps.json
2024-05-16 16:30:51.131021 ║INFO	║ 15436	║ process file v:\lab12\lab12\l10\bin\Debug\net6.0\l10.dll
2024-05-16 16:30:51.135024 ║INFO	║ 15436	║ process file v:\lab12\lab12\l10\bin\Debug\net6.0\l10.pdb
2024-05-16 16:30:51.140029 ║INFO	║ 15436	║ process file v:\lab12\lab12\l10\obj
2024-05-16 16:30:51.145033 ║INFO	║ 15436	║ process file v:\lab12\lab12\l10\obj\Debug
2024-05-16 16:30:51.149036 ║INFO	║ 15436	║ process file v:\lab12\lab12\l10\obj\Debug\net6.0
2024-05-16 16:30:51.154041 ║INFO	║ 15436	║ process file v:\lab12\lab12\l10\obj\Debug\net6.0\ref
2024-05-16 16:30:51.159045 ║INFO	║ 15436	║ process file v:\lab12\lab12\l10\obj\Debug\net6.0\ref\l10.dll
2024-05-16 16:30:51.164050 ║INFO	║ 15436	║ process file v:\lab12\lab12\l10\obj\Debug\net6.0\refint
2024-05-16 16:30:51.169055 ║INFO	║ 15436	║ process file v:\lab12\lab12\l10\obj\Debug\net6.0\refint\l10.dll
2024-05-16 16:30:51.173058 ║INFO	║ 15436	║ process file v:\lab12\lab12\l10\obj\Debug\net6.0\.NETCoreApp,Version=v6.0.AssemblyAttributes.cs
2024-05-16 16:30:51.178063 ║INFO	║ 15436	║ process file v:\lab12\lab12\l10\obj\Debug\net6.0\l10.AssemblyInfo.cs
2024-05-16 16:30:51.183067 ║INFO	║ 15436	║ process file v:\lab12\lab12\l10\obj\Debug\net6.0\l10.AssemblyInfoInputs.cache
2024-05-16 16:30:51.188073 ║INFO	║ 15436	║ process file v:\lab12\lab12\l10\obj\Debug\net6.0\l10.assets.cache
2024-05-16 16:30:51.192076 ║INFO	║ 15436	║ process file v:\lab12\lab12\l10\obj\Debug\net6.0\l10.csproj.AssemblyReference.cache
2024-05-16 16:30:51.197080 ║INFO	║ 15436	║ process file v:\lab12\lab12\l10\obj\Debug\net6.0\l10.csproj.CopyComplete
2024-05-16 16:30:51.202085 ║INFO	║ 15436	║ process file v:\lab12\lab12\l10\obj\Debug\net6.0\l10.csproj.CoreCompileInputs.cache
2024-05-16 16:30:51.207090 ║INFO	║ 15436	║ process file v:\lab12\lab12\l10\obj\Debug\net6.0\l10.csproj.FileListAbsolute.txt
2024-05-16 16:30:51.211093 ║INFO	║ 15436	║ process file v:\lab12\lab12\l10\obj\Debug\net6.0\l10.dll
2024-05-16 16:30:51.216098 ║INFO	║ 15436	║ process file v:\lab12\lab12\l10\obj\Debug\net6.0\l10.GeneratedMSBuildEditorConfig.editorconfig
2024-05-16 16:30:51.221101 ║INFO	║ 15436	║ process file v:\lab12\lab12\l10\obj\Debug\net6.0\l10.GlobalUsings.g.cs
2024-05-16 16:30:51.225106 ║INFO	║ 15436	║ process file v:\lab12\lab12\l10\obj\Debug\net6.0\l10.pdb
2024-05-16 16:30:51.232113 ║INFO	║ 15436	║ process file v:\lab12\lab12\l10\obj\l10.csproj.nuget.dgspec.json
2024-05-16 16:30:51.237117 ║INFO	║ 15436	║ process file v:\lab12\lab12\l10\obj\l10.csproj.nuget.g.props
2024-05-16 16:30:51.242121 ║INFO	║ 15436	║ process file v:\lab12\lab12\l10\obj\l10.csproj.nuget.g.targets
2024-05-16 16:30:51.248127 ║INFO	║ 15436	║ process file v:\lab12\lab12\l10\obj\project.assets.json
2024-05-16 16:30:51.254132 ║INFO	║ 15436	║ process file v:\lab12\lab12\l10\obj\project.nuget.cache
2024-05-16 16:30:51.259136 ║INFO	║ 15436	║ process file v:\lab12\lab12\l10\obj\project.packagespec.json
2024-05-16 16:30:51.265143 ║INFO	║ 15436	║ process file v:\lab12\lab12\l10\obj\rider.project.model.nuget.info
2024-05-16 16:30:51.270147 ║INFO	║ 15436	║ process file v:\lab12\lab12\l10\obj\rider.project.restore.info
2024-05-16 16:30:51.275151 ║INFO	║ 15436	║ process file v:\lab12\lab12\l10\Game.cs
2024-05-16 16:30:51.280156 ║INFO	║ 15436	║ process file v:\lab12\lab12\l10\IInit.cs
2024-05-16 16:30:51.285160 ║INFO	║ 15436	║ process file v:\lab12\lab12\l10\l10.csproj
2024-05-16 16:30:51.289164 ║INFO	║ 15436	║ process file v:\lab12\lab12\l10\VideoGame.cs
2024-05-16 16:30:51.295169 ║INFO	║ 15436	║ process file v:\lab12\lab12\l10\VRGame.cs
2024-05-16 16:30:51.300174 ║INFO	║ 15436	║ process file v:\lab12\lab12\lab12
2024-05-16 16:30:51.304178 ║INFO	║ 15436	║ process file v:\lab12\lab12\lab12\bin
2024-05-16 16:30:51.310183 ║INFO	║ 15436	║ process file v:\lab12\lab12\lab12\bin\Debug
2024-05-16 16:30:51.314187 ║INFO	║ 15436	║ process file v:\lab12\lab12\lab12\bin\Debug\net6.0
2024-05-16 16:30:51.319191 ║INFO	║ 15436	║ process file v:\lab12\lab12\lab12\bin\Debug\net6.0\Helpers.dll
2024-05-16 16:30:51.324196 ║INFO	║ 15436	║ process file v:\lab12\lab12\lab12\bin\Debug\net6.0\Helpers.pdb
2024-05-16 16:30:51.329200 ║INFO	║ 15436	║ process file v:\lab12\lab12\lab12\bin\Debug\net6.0\l10.dll
2024-05-16 16:30:51.334205 ║INFO	║ 15436	║ process file v:\lab12\lab12\lab12\bin\Debug\net6.0\l10.pdb
2024-05-16 16:30:51.339209 ║INFO	║ 15436	║ process file v:\lab12\lab12\lab12\bin\Debug\net6.0\lab12.deps.json
2024-05-16 16:30:51.344214 ║INFO	║ 15436	║ process file v:\lab12\lab12\lab12\bin\Debug\net6.0\lab12.dll
2024-05-16 16:30:51.348218 ║INFO	║ 15436	║ process file v:\lab12\lab12\lab12\bin\Debug\net6.0\lab12.exe
2024-05-16 16:30:51.353223 ║INFO	║ 15436	║ process file v:\lab12\lab12\lab12\bin\Debug\net6.0\lab12.pdb
2024-05-16 16:30:51.358227 ║INFO	║ 15436	║ process file v:\lab12\lab12\lab12\bin\Debug\net6.0\lab12.runtimeconfig.json
2024-05-16 16:30:51.363231 ║INFO	║ 15436	║ process file v:\lab12\lab12\lab12\List
2024-05-16 16:30:51.368236 ║INFO	║ 15436	║ process file v:\lab12\lab12\lab12\List\ListNode.cs
2024-05-16 16:30:51.373240 ║INFO	║ 15436	║ process file v:\lab12\lab12\lab12\List\MyList.cs
2024-05-16 16:30:51.378245 ║INFO	║ 15436	║ process file v:\lab12\lab12\lab12\obj
2024-05-16 16:30:51.383249 ║INFO	║ 15436	║ process file v:\lab12\lab12\lab12\obj\Debug
2024-05-16 16:30:51.388253 ║INFO	║ 15436	║ process file v:\lab12\lab12\lab12\obj\Debug\net6.0
2024-05-16 16:30:51.394260 ║INFO	║ 15436	║ process file v:\lab12\lab12\lab12\obj\Debug\net6.0\ref
2024-05-16 16:30:51.398263 ║INFO	║ 15436	║ process file v:\lab12\lab12\lab12\obj\Debug\net6.0\ref\lab12.dll
2024-05-16 16:30:51.404268 ║INFO	║ 15436	║ process file v:\lab12\lab12\lab12\obj\Debug\net6.0\refint
2024-05-16 16:30:51.409273 ║INFO	║ 15436	║ process file v:\lab12\lab12\lab12\obj\Debug\net6.0\refint\lab12.dll
2024-05-16 16:30:51.414278 ║INFO	║ 15436	║ process file v:\lab12\lab12\lab12\obj\Debug\net6.0\.NETCoreApp,Version=v6.0.AssemblyAttributes.cs
2024-05-16 16:30:51.419282 ║INFO	║ 15436	║ process file v:\lab12\lab12\lab12\obj\Debug\net6.0\apphost.exe
2024-05-16 16:30:51.424287 ║INFO	║ 15436	║ process file v:\lab12\lab12\lab12\obj\Debug\net6.0\lab12.AssemblyInfo.cs
2024-05-16 16:30:51.429291 ║INFO	║ 15436	║ process file v:\lab12\lab12\lab12\obj\Debug\net6.0\lab12.AssemblyInfoInputs.cache
2024-05-16 16:30:51.433295 ║INFO	║ 15436	║ process file v:\lab12\lab12\lab12\obj\Debug\net6.0\lab12.assets.cache
2024-05-16 16:30:51.439300 ║INFO	║ 15436	║ process file v:\lab12\lab12\lab12\obj\Debug\net6.0\lab12.csproj.AssemblyReference.cache
2024-05-16 16:30:51.444305 ║INFO	║ 15436	║ process file v:\lab12\lab12\lab12\obj\Debug\net6.0\lab12.csproj.CopyComplete
2024-05-16 16:30:51.449309 ║INFO	║ 15436	║ process file v:\lab12\lab12\lab12\obj\Debug\net6.0\lab12.csproj.CoreCompileInputs.cache
2024-05-16 16:30:51.454314 ║INFO	║ 15436	║ process file v:\lab12\lab12\lab12\obj\Debug\net6.0\lab12.csproj.FileListAbsolute.txt
2024-05-16 16:30:51.459318 ║INFO	║ 15436	║ process file v:\lab12\lab12\lab12\obj\Debug\net6.0\lab12.dll
2024-05-16 16:30:51.464323 ║INFO	║ 15436	║ process file v:\lab12\lab12\lab12\obj\Debug\net6.0\lab12.GeneratedMSBuildEditorConfig.editorconfig
2024-05-16 16:30:51.470328 ║INFO	║ 15436	║ process file v:\lab12\lab12\lab12\obj\Debug\net6.0\lab12.genruntimeconfig.cache
2024-05-16 16:30:51.475333 ║INFO	║ 15436	║ process file v:\lab12\lab12\lab12\obj\Debug\net6.0\lab12.GlobalUsings.g.cs
2024-05-16 16:30:51.479337 ║INFO	║ 15436	║ process file v:\lab12\lab12\lab12\obj\Debug\net6.0\lab12.pdb
2024-05-16 16:30:51.485342 ║INFO	║ 15436	║ process file v:\lab12\lab12\lab12\obj\lab12.csproj.nuget.dgspec.json
2024-05-16 16:30:51.490345 ║INFO	║ 15436	║ process file v:\lab12\lab12\lab12\obj\lab12.csproj.nuget.g.props
2024-05-16 16:30:51.495351 ║INFO	║ 15436	║ process file v:\lab12\lab12\lab12\obj\lab12.csproj.nuget.g.targets
2024-05-16 16:30:51.501357 ║INFO	║ 15436	║ process file v:\lab12\lab12\lab12\obj\project.assets.json
2024-05-16 16:30:51.506361 ║INFO	║ 15436	║ process file v:\lab12\lab12\lab12\obj\project.nuget.cache
2024-05-16 16:30:51.511366 ║INFO	║ 15436	║ process file v:\lab12\lab12\lab12\obj\project.packagespec.json
2024-05-16 16:30:51.516370 ║INFO	║ 15436	║ process file v:\lab12\lab12\lab12\obj\rider.project.model.nuget.info
2024-05-16 16:30:51.521374 ║INFO	║ 15436	║ process file v:\lab12\lab12\lab12\obj\rider.project.restore.info
2024-05-16 16:30:51.526379 ║INFO	║ 15436	║ process file v:\lab12\lab12\lab12\lab12.csproj
2024-05-16 16:30:51.531383 ║INFO	║ 15436	║ process file v:\lab12\lab12\lab12\Program.cs
2024-05-16 16:30:51.536388 ║INFO	║ 15436	║ process file v:\lab12\lab12\TestProject1
2024-05-16 16:30:51.541393 ║INFO	║ 15436	║ process file v:\lab12\lab12\TestProject1\bin
2024-05-16 16:30:51.546397 ║INFO	║ 15436	║ process file v:\lab12\lab12\TestProject1\bin\Debug
2024-05-16 16:30:51.551402 ║INFO	║ 15436	║ process file v:\lab12\lab12\TestProject1\bin\Debug\net6.0
2024-05-16 16:30:51.556407 ║INFO	║ 15436	║ process file v:\lab12\lab12\TestProject1\bin\Debug\net6.0\cs
2024-05-16 16:30:51.561411 ║INFO	║ 15436	║ process file v:\lab12\lab12\TestProject1\bin\Debug\net6.0\cs\Microsoft.TestPlatform.CommunicationUtilities.resources.dll
2024-05-16 16:30:51.566415 ║INFO	║ 15436	║ process file v:\lab12\lab12\TestProject1\bin\Debug\net6.0\cs\Microsoft.TestPlatform.CoreUtilities.resources.dll
2024-05-16 16:30:51.571419 ║INFO	║ 15436	║ process file v:\lab12\lab12\TestProject1\bin\Debug\net6.0\cs\Microsoft.TestPlatform.CrossPlatEngine.resources.dll
2024-05-16 16:30:51.576425 ║INFO	║ 15436	║ process file v:\lab12\lab12\TestProject1\bin\Debug\net6.0\cs\Microsoft.VisualStudio.TestPlatform.Common.resources.dll
2024-05-16 16:30:51.582430 ║INFO	║ 15436	║ process file v:\lab12\lab12\TestProject1\bin\Debug\net6.0\cs\Microsoft.VisualStudio.TestPlatform.ObjectModel.resources.dll
2024-05-16 16:30:51.587435 ║INFO	║ 15436	║ process file v:\lab12\lab12\TestProject1\bin\Debug\net6.0\de
2024-05-16 16:30:51.592439 ║INFO	║ 15436	║ process file v:\lab12\lab12\TestProject1\bin\Debug\net6.0\de\Microsoft.TestPlatform.CommunicationUtilities.resources.dll
2024-05-16 16:30:51.598444 ║INFO	║ 15436	║ process file v:\lab12\lab12\TestProject1\bin\Debug\net6.0\de\Microsoft.TestPlatform.CoreUtilities.resources.dll
2024-05-16 16:30:51.604450 ║INFO	║ 15436	║ process file v:\lab12\lab12\TestProject1\bin\Debug\net6.0\de\Microsoft.TestPlatform.CrossPlatEngine.resources.dll
2024-05-16 16:30:51.608454 ║INFO	║ 15436	║ process file v:\lab12\lab12\TestProject1\bin\Debug\net6.0\de\Microsoft.VisualStudio.TestPlatform.Common.resources.dll
2024-05-16 16:30:51.613458 ║INFO	║ 15436	║ process file v:\lab12\lab12\TestProject1\bin\Debug\net6.0\de\Microsoft.VisualStudio.TestPlatform.ObjectModel.resources.dll
2024-05-16 16:30:51.618463 ║INFO	║ 15436	║ process file v:\lab12\lab12\TestProject1\bin\Debug\net6.0\es
2024-05-16 16:30:51.623467 ║INFO	║ 15436	║ process file v:\lab12\lab12\TestProject1\bin\Debug\net6.0\es\Microsoft.TestPlatform.CommunicationUtilities.resources.dll
2024-05-16 16:30:51.629472 ║INFO	║ 15436	║ process file v:\lab12\lab12\TestProject1\bin\Debug\net6.0\es\Microsoft.TestPlatform.CoreUtilities.resources.dll
2024-05-16 16:30:51.635478 ║INFO	║ 15436	║ process file v:\lab12\lab12\TestProject1\bin\Debug\net6.0\es\Microsoft.TestPlatform.CrossPlatEngine.resources.dll
2024-05-16 16:30:51.642485 ║INFO	║ 15436	║ process file v:\lab12\lab12\TestProject1\bin\Debug\net6.0\es\Microsoft.VisualStudio.TestPlatform.Common.resources.dll
2024-05-16 16:30:51.647489 ║INFO	║ 15436	║ process file v:\lab12\lab12\TestProject1\bin\Debug\net6.0\es\Microsoft.VisualStudio.TestPlatform.ObjectModel.resources.dll
2024-05-16 16:30:51.652494 ║INFO	║ 15436	║ process file v:\lab12\lab12\TestProject1\bin\Debug\net6.0\fr
2024-05-16 16:30:51.657498 ║INFO	║ 15436	║ process file v:\lab12\lab12\TestProject1\bin\Debug\net6.0\fr\Microsoft.TestPlatform.CommunicationUtilities.resources.dll
2024-05-16 16:30:51.662503 ║INFO	║ 15436	║ process file v:\lab12\lab12\TestProject1\bin\Debug\net6.0\fr\Microsoft.TestPlatform.CoreUtilities.resources.dll
2024-05-16 16:30:51.667507 ║INFO	║ 15436	║ process file v:\lab12\lab12\TestProject1\bin\Debug\net6.0\fr\Microsoft.TestPlatform.CrossPlatEngine.resources.dll
2024-05-16 16:30:51.672513 ║INFO	║ 15436	║ process file v:\lab12\lab12\TestProject1\bin\Debug\net6.0\fr\Microsoft.VisualStudio.TestPlatform.Common.resources.dll
2024-05-16 16:30:51.677516 ║INFO	║ 15436	║ process file v:\lab12\lab12\TestProject1\bin\Debug\net6.0\fr\Microsoft.VisualStudio.TestPlatform.ObjectModel.resources.dll
2024-05-16 16:30:51.682521 ║INFO	║ 15436	║ process file v:\lab12\lab12\TestProject1\bin\Debug\net6.0\it
2024-05-16 16:30:51.686525 ║INFO	║ 15436	║ process file v:\lab12\lab12\TestProject1\bin\Debug\net6.0\it\Microsoft.TestPlatform.CommunicationUtilities.resources.dll
2024-05-16 16:30:51.691529 ║INFO	║ 15436	║ process file v:\lab12\lab12\TestProject1\bin\Debug\net6.0\it\Microsoft.TestPlatform.CoreUtilities.resources.dll
2024-05-16 16:30:51.696534 ║INFO	║ 15436	║ process file v:\lab12\lab12\TestProject1\bin\Debug\net6.0\it\Microsoft.TestPlatform.CrossPlatEngine.resources.dll
2024-05-16 16:30:51.701539 ║INFO	║ 15436	║ process file v:\lab12\lab12\TestProject1\bin\Debug\net6.0\it\Microsoft.VisualStudio.TestPlatform.Common.resources.dll
2024-05-16 16:30:51.706542 ║INFO	║ 15436	║ process file v:\lab12\lab12\TestProject1\bin\Debug\net6.0\it\Microsoft.VisualStudio.TestPlatform.ObjectModel.resources.dll
2024-05-16 16:30:51.711548 ║INFO	║ 15436	║ process file v:\lab12\lab12\TestProject1\bin\Debug\net6.0\ja
2024-05-16 16:30:51.716552 ║INFO	║ 15436	║ process file v:\lab12\lab12\TestProject1\bin\Debug\net6.0\ja\Microsoft.TestPlatform.CommunicationUtilities.resources.dll
2024-05-16 16:30:51.721557 ║INFO	║ 15436	║ process file v:\lab12\lab12\TestProject1\bin\Debug\net6.0\ja\Microsoft.TestPlatform.CoreUtilities.resources.dll
2024-05-16 16:30:51.726561 ║INFO	║ 15436	║ process file v:\lab12\lab12\TestProject1\bin\Debug\net6.0\ja\Microsoft.TestPlatform.CrossPlatEngine.resources.dll
2024-05-16 16:30:51.731566 ║INFO	║ 15436	║ process file v:\lab12\lab12\TestProject1\bin\Debug\net6.0\ja\Microsoft.VisualStudio.TestPlatform.Common.resources.dll
2024-05-16 16:30:51.735569 ║INFO	║ 15436	║ process file v:\lab12\lab12\TestProject1\bin\Debug\net6.0\ja\Microsoft.VisualStudio.TestPlatform.ObjectModel.resources.dll
2024-05-16 16:30:51.741574 ║INFO	║ 15436	║ process file v:\lab12\lab12\TestProject1\bin\Debug\net6.0\ko
2024-05-16 16:30:51.746578 ║INFO	║ 15436	║ process file v:\lab12\lab12\TestProject1\bin\Debug\net6.0\ko\Microsoft.TestPlatform.CommunicationUtilities.resources.dll
2024-05-16 16:30:51.752584 ║INFO	║ 15436	║ process file v:\lab12\lab12\TestProject1\bin\Debug\net6.0\ko\Microsoft.TestPlatform.CoreUtilities.resources.dll
2024-05-16 16:30:51.758590 ║INFO	║ 15436	║ process file v:\lab12\lab12\TestProject1\bin\Debug\net6.0\ko\Microsoft.TestPlatform.CrossPlatEngine.resources.dll
2024-05-16 16:30:51.763594 ║INFO	║ 15436	║ process file v:\lab12\lab12\TestProject1\bin\Debug\net6.0\ko\Microsoft.VisualStudio.TestPlatform.Common.resources.dll
2024-05-16 16:30:51.768599 ║INFO	║ 15436	║ process file v:\lab12\lab12\TestProject1\bin\Debug\net6.0\ko\Microsoft.VisualStudio.TestPlatform.ObjectModel.resources.dll
2024-05-16 16:30:51.773603 ║INFO	║ 15436	║ process file v:\lab12\lab12\TestProject1\bin\Debug\net6.0\pl
2024-05-16 16:30:51.778608 ║INFO	║ 15436	║ process file v:\lab12\lab12\TestProject1\bin\Debug\net6.0\pl\Microsoft.TestPlatform.CommunicationUtilities.resources.dll
2024-05-16 16:30:51.783613 ║INFO	║ 15436	║ process file v:\lab12\lab12\TestProject1\bin\Debug\net6.0\pl\Microsoft.TestPlatform.CoreUtilities.resources.dll
2024-05-16 16:30:51.788616 ║INFO	║ 15436	║ process file v:\lab12\lab12\TestProject1\bin\Debug\net6.0\pl\Microsoft.TestPlatform.CrossPlatEngine.resources.dll
2024-05-16 16:30:51.793622 ║INFO	║ 15436	║ process file v:\lab12\lab12\TestProject1\bin\Debug\net6.0\pl\Microsoft.VisualStudio.TestPlatform.Common.resources.dll
2024-05-16 16:30:51.797625 ║INFO	║ 15436	║ process file v:\lab12\lab12\TestProject1\bin\Debug\net6.0\pl\Microsoft.VisualStudio.TestPlatform.ObjectModel.resources.dll
2024-05-16 16:30:51.802630 ║INFO	║ 15436	║ process file v:\lab12\lab12\TestProject1\bin\Debug\net6.0\pt-BR
2024-05-16 16:30:51.807634 ║INFO	║ 15436	║ process file v:\lab12\lab12\TestProject1\bin\Debug\net6.0\pt-BR\Microsoft.TestPlatform.CommunicationUtilities.resources.dll
2024-05-16 16:30:51.812639 ║INFO	║ 15436	║ process file v:\lab12\lab12\TestProject1\bin\Debug\net6.0\pt-BR\Microsoft.TestPlatform.CoreUtilities.resources.dll
2024-05-16 16:30:51.817644 ║INFO	║ 15436	║ process file v:\lab12\lab12\TestProject1\bin\Debug\net6.0\pt-BR\Microsoft.TestPlatform.CrossPlatEngine.resources.dll
2024-05-16 16:30:51.822648 ║INFO	║ 15436	║ process file v:\lab12\lab12\TestProject1\bin\Debug\net6.0\pt-BR\Microsoft.VisualStudio.TestPlatform.Common.resources.dll
2024-05-16 16:30:51.827653 ║INFO	║ 15436	║ process file v:\lab12\lab12\TestProject1\bin\Debug\net6.0\pt-BR\Microsoft.VisualStudio.TestPlatform.ObjectModel.resources.dll
2024-05-16 16:30:51.832657 ║INFO	║ 15436	║ process file v:\lab12\lab12\TestProject1\bin\Debug\net6.0\ru
2024-05-16 16:30:51.837662 ║INFO	║ 15436	║ process file v:\lab12\lab12\TestProject1\bin\Debug\net6.0\ru\Microsoft.TestPlatform.CommunicationUtilities.resources.dll
2024-05-16 16:30:51.842666 ║INFO	║ 15436	║ process file v:\lab12\lab12\TestProject1\bin\Debug\net6.0\ru\Microsoft.TestPlatform.CoreUtilities.resources.dll
2024-05-16 16:30:51.847671 ║INFO	║ 15436	║ process file v:\lab12\lab12\TestProject1\bin\Debug\net6.0\ru\Microsoft.TestPlatform.CrossPlatEngine.resources.dll
2024-05-16 16:30:51.852674 ║INFO	║ 15436	║ process file v:\lab12\lab12\TestProject1\bin\Debug\net6.0\ru\Microsoft.VisualStudio.TestPlatform.Common.resources.dll
2024-05-16 16:30:51.857680 ║INFO	║ 15436	║ process file v:\lab12\lab12\TestProject1\bin\Debug\net6.0\ru\Microsoft.VisualStudio.TestPlatform.ObjectModel.resources.dll
2024-05-16 16:30:51.862685 ║INFO	║ 15436	║ process file v:\lab12\lab12\TestProject1\bin\Debug\net6.0\tr
2024-05-16 16:30:51.867689 ║INFO	║ 15436	║ process file v:\lab12\lab12\TestProject1\bin\Debug\net6.0\tr\Microsoft.TestPlatform.CommunicationUtilities.resources.dll
2024-05-16 16:30:51.872694 ║INFO	║ 15436	║ process file v:\lab12\lab12\TestProject1\bin\Debug\net6.0\tr\Microsoft.TestPlatform.CoreUtilities.resources.dll
2024-05-16 16:30:51.877698 ║INFO	║ 15436	║ process file v:\lab12\lab12\TestProject1\bin\Debug\net6.0\tr\Microsoft.TestPlatform.CrossPlatEngine.resources.dll
2024-05-16 16:30:51.882703 ║INFO	║ 15436	║ process file v:\lab12\lab12\TestProject1\bin\Debug\net6.0\tr\Microsoft.VisualStudio.TestPlatform.Common.resources.dll
2024-05-16 16:30:51.889708 ║INFO	║ 15436	║ process file v:\lab12\lab12\TestProject1\bin\Debug\net6.0\tr\Microsoft.VisualStudio.TestPlatform.ObjectModel.resources.dll
2024-05-16 16:30:51.894713 ║INFO	║ 15436	║ process file v:\lab12\lab12\TestProject1\bin\Debug\net6.0\zh-Hans
2024-05-16 16:30:51.899718 ║INFO	║ 15436	║ process file v:\lab12\lab12\TestProject1\bin\Debug\net6.0\zh-Hans\Microsoft.TestPlatform.CommunicationUtilities.resources.dll
2024-05-16 16:30:51.904722 ║INFO	║ 15436	║ process file v:\lab12\lab12\TestProject1\bin\Debug\net6.0\zh-Hans\Microsoft.TestPlatform.CoreUtilities.resources.dll
2024-05-16 16:30:51.909727 ║INFO	║ 15436	║ process file v:\lab12\lab12\TestProject1\bin\Debug\net6.0\zh-Hans\Microsoft.TestPlatform.CrossPlatEngine.resources.dll
2024-05-16 16:30:51.914731 ║INFO	║ 15436	║ process file v:\lab12\lab12\TestProject1\bin\Debug\net6.0\zh-Hans\Microsoft.VisualStudio.TestPlatform.Common.resources.dll
2024-05-16 16:30:51.922739 ║INFO	║ 15436	║ process file v:\lab12\lab12\TestProject1\bin\Debug\net6.0\zh-Hans\Microsoft.VisualStudio.TestPlatform.ObjectModel.resources.dll
2024-05-16 16:30:51.928744 ║INFO	║ 15436	║ process file v:\lab12\lab12\TestProject1\bin\Debug\net6.0\zh-Hant
2024-05-16 16:30:51.935750 ║INFO	║ 15436	║ process file v:\lab12\lab12\TestProject1\bin\Debug\net6.0\zh-Hant\Microsoft.TestPlatform.CommunicationUtilities.resources.dll
2024-05-16 16:30:51.940755 ║INFO	║ 15436	║ process file v:\lab12\lab12\TestProject1\bin\Debug\net6.0\zh-Hant\Microsoft.TestPlatform.CoreUtilities.resources.dll
2024-05-16 16:30:51.945759 ║INFO	║ 15436	║ process file v:\lab12\lab12\TestProject1\bin\Debug\net6.0\zh-Hant\Microsoft.TestPlatform.CrossPlatEngine.resources.dll
2024-05-16 16:30:51.951766 ║INFO	║ 15436	║ process file v:\lab12\lab12\TestProject1\bin\Debug\net6.0\zh-Hant\Microsoft.VisualStudio.TestPlatform.Common.resources.dll
2024-05-16 16:30:51.957770 ║INFO	║ 15436	║ process file v:\lab12\lab12\TestProject1\bin\Debug\net6.0\zh-Hant\Microsoft.VisualStudio.TestPlatform.ObjectModel.resources.dll
2024-05-16 16:30:51.963777 ║INFO	║ 15436	║ process file v:\lab12\lab12\TestProject1\bin\Debug\net6.0\CoverletSourceRootsMapping
2024-05-16 16:30:51.969781 ║INFO	║ 15436	║ process file v:\lab12\lab12\TestProject1\bin\Debug\net6.0\Helpers.dll
2024-05-16 16:30:51.974786 ║INFO	║ 15436	║ process file v:\lab12\lab12\TestProject1\bin\Debug\net6.0\Helpers.pdb
2024-05-16 16:30:51.980792 ║INFO	║ 15436	║ process file v:\lab12\lab12\TestProject1\bin\Debug\net6.0\l10.dll
2024-05-16 16:30:51.986797 ║INFO	║ 15436	║ process file v:\lab12\lab12\TestProject1\bin\Debug\net6.0\l10.pdb
2024-05-16 16:30:51.991801 ║INFO	║ 15436	║ process file v:\lab12\lab12\TestProject1\bin\Debug\net6.0\lab12.deps.json
2024-05-16 16:30:51.997807 ║INFO	║ 15436	║ process file v:\lab12\lab12\TestProject1\bin\Debug\net6.0\lab12.dll
2024-05-16 16:30:52.002812 ║INFO	║ 15436	║ process file v:\lab12\lab12\TestProject1\bin\Debug\net6.0\lab12.exe
2024-05-16 16:30:52.007816 ║INFO	║ 15436	║ process file v:\lab12\lab12\TestProject1\bin\Debug\net6.0\lab12.pdb
2024-05-16 16:30:52.013822 ║INFO	║ 15436	║ process file v:\lab12\lab12\TestProject1\bin\Debug\net6.0\lab12.runtimeconfig.json
2024-05-16 16:30:52.018826 ║INFO	║ 15436	║ process file v:\lab12\lab12\TestProject1\bin\Debug\net6.0\Microsoft.TestPlatform.CommunicationUtilities.dll
2024-05-16 16:30:52.023831 ║INFO	║ 15436	║ process file v:\lab12\lab12\TestProject1\bin\Debug\net6.0\Microsoft.TestPlatform.CoreUtilities.dll
2024-05-16 16:30:52.029836 ║INFO	║ 15436	║ process file v:\lab12\lab12\TestProject1\bin\Debug\net6.0\Microsoft.TestPlatform.CrossPlatEngine.dll
2024-05-16 16:30:52.034841 ║INFO	║ 15436	║ process file v:\lab12\lab12\TestProject1\bin\Debug\net6.0\Microsoft.TestPlatform.PlatformAbstractions.dll
2024-05-16 16:30:52.039846 ║INFO	║ 15436	║ process file v:\lab12\lab12\TestProject1\bin\Debug\net6.0\Microsoft.TestPlatform.Utilities.dll
2024-05-16 16:30:52.044850 ║INFO	║ 15436	║ process file v:\lab12\lab12\TestProject1\bin\Debug\net6.0\Microsoft.VisualStudio.CodeCoverage.Shim.dll
2024-05-16 16:30:52.049853 ║INFO	║ 15436	║ process file v:\lab12\lab12\TestProject1\bin\Debug\net6.0\Microsoft.VisualStudio.TestPlatform.Common.dll
2024-05-16 16:30:52.054859 ║INFO	║ 15436	║ process file v:\lab12\lab12\TestProject1\bin\Debug\net6.0\Microsoft.VisualStudio.TestPlatform.ObjectModel.dll
2024-05-16 16:30:52.060863 ║INFO	║ 15436	║ process file v:\lab12\lab12\TestProject1\bin\Debug\net6.0\Newtonsoft.Json.dll
2024-05-16 16:30:52.066870 ║INFO	║ 15436	║ process file v:\lab12\lab12\TestProject1\bin\Debug\net6.0\NuGet.Frameworks.dll
2024-05-16 16:30:52.073876 ║INFO	║ 15436	║ process file v:\lab12\lab12\TestProject1\bin\Debug\net6.0\nunit.engine.api.dll
2024-05-16 16:30:52.079881 ║INFO	║ 15436	║ process file v:\lab12\lab12\TestProject1\bin\Debug\net6.0\nunit.engine.core.dll
2024-05-16 16:30:52.085888 ║INFO	║ 15436	║ process file v:\lab12\lab12\TestProject1\bin\Debug\net6.0\nunit.engine.dll
2024-05-16 16:30:52.090892 ║INFO	║ 15436	║ process file v:\lab12\lab12\TestProject1\bin\Debug\net6.0\nunit.framework.dll
2024-05-16 16:30:52.097898 ║INFO	║ 15436	║ process file v:\lab12\lab12\TestProject1\bin\Debug\net6.0\NUnit3.TestAdapter.dll
2024-05-16 16:30:52.103903 ║INFO	║ 15436	║ process file v:\lab12\lab12\TestProject1\bin\Debug\net6.0\NUnit3.TestAdapter.pdb
2024-05-16 16:30:52.110910 ║INFO	║ 15436	║ process file v:\lab12\lab12\TestProject1\bin\Debug\net6.0\testcentric.engine.metadata.dll
2024-05-16 16:30:52.116915 ║INFO	║ 15436	║ process file v:\lab12\lab12\TestProject1\bin\Debug\net6.0\testhost.dll
2024-05-16 16:30:52.121920 ║INFO	║ 15436	║ process file v:\lab12\lab12\TestProject1\bin\Debug\net6.0\testhost.exe
2024-05-16 16:30:52.127925 ║INFO	║ 15436	║ process file v:\lab12\lab12\TestProject1\bin\Debug\net6.0\TestProject1.deps.json
2024-05-16 16:30:52.133931 ║INFO	║ 15436	║ process file v:\lab12\lab12\TestProject1\bin\Debug\net6.0\TestProject1.dll
2024-05-16 16:30:52.139935 ║INFO	║ 15436	║ process file v:\lab12\lab12\TestProject1\bin\Debug\net6.0\TestProject1.pdb
2024-05-16 16:30:52.144940 ║INFO	║ 15436	║ process file v:\lab12\lab12\TestProject1\bin\Debug\net6.0\TestProject1.runtimeconfig.json
2024-05-16 16:30:52.150946 ║INFO	║ 15436	║ process file v:\lab12\lab12\TestProject1\obj
2024-05-16 16:30:52.155951 ║INFO	║ 15436	║ process file v:\lab12\lab12\TestProject1\obj\Debug
2024-05-16 16:30:52.160955 ║INFO	║ 15436	║ process file v:\lab12\lab12\TestProject1\obj\Debug\net6.0
2024-05-16 16:30:52.165960 ║INFO	║ 15436	║ process file v:\lab12\lab12\TestProject1\obj\Debug\net6.0\ref
2024-05-16 16:30:52.171965 ║INFO	║ 15436	║ process file v:\lab12\lab12\TestProject1\obj\Debug\net6.0\ref\TestProject1.dll
2024-05-16 16:30:52.176970 ║INFO	║ 15436	║ process file v:\lab12\lab12\TestProject1\obj\Debug\net6.0\refint
2024-05-16 16:30:52.181974 ║INFO	║ 15436	║ process file v:\lab12\lab12\TestProject1\obj\Debug\net6.0\refint\TestProject1.dll
2024-05-16 16:30:52.186979 ║INFO	║ 15436	║ process file v:\lab12\lab12\TestProject1\obj\Debug\net6.0\.NETCoreApp,Version=v6.0.AssemblyAttributes.cs
2024-05-16 16:30:52.191983 ║INFO	║ 15436	║ process file v:\lab12\lab12\TestProject1\obj\Debug\net6.0\TestProject1.AssemblyInfo.cs
2024-05-16 16:30:52.196988 ║INFO	║ 15436	║ process file v:\lab12\lab12\TestProject1\obj\Debug\net6.0\TestProject1.AssemblyInfoInputs.cache
2024-05-16 16:30:52.201992 ║INFO	║ 15436	║ process file v:\lab12\lab12\TestProject1\obj\Debug\net6.0\TestProject1.assets.cache
2024-05-16 16:30:52.207998 ║INFO	║ 15436	║ process file v:\lab12\lab12\TestProject1\obj\Debug\net6.0\TestProject1.csproj.AssemblyReference.cache
2024-05-16 16:30:52.213003 ║INFO	║ 15436	║ process file v:\lab12\lab12\TestProject1\obj\Debug\net6.0\TestProject1.csproj.CopyComplete
2024-05-16 16:30:52.218007 ║INFO	║ 15436	║ process file v:\lab12\lab12\TestProject1\obj\Debug\net6.0\TestProject1.csproj.CoreCompileInputs.cache
2024-05-16 16:30:52.224012 ║INFO	║ 15436	║ process file v:\lab12\lab12\TestProject1\obj\Debug\net6.0\TestProject1.csproj.FileListAbsolute.txt
2024-05-16 16:30:52.229017 ║INFO	║ 15436	║ process file v:\lab12\lab12\TestProject1\obj\Debug\net6.0\TestProject1.dll
2024-05-16 16:30:52.234021 ║INFO	║ 15436	║ process file v:\lab12\lab12\TestProject1\obj\Debug\net6.0\TestProject1.GeneratedMSBuildEditorConfig.editorconfig
2024-05-16 16:30:52.239026 ║INFO	║ 15436	║ process file v:\lab12\lab12\TestProject1\obj\Debug\net6.0\TestProject1.genruntimeconfig.cache
2024-05-16 16:30:52.244031 ║INFO	║ 15436	║ process file v:\lab12\lab12\TestProject1\obj\Debug\net6.0\TestProject1.GlobalUsings.g.cs
2024-05-16 16:30:52.249035 ║INFO	║ 15436	║ process file v:\lab12\lab12\TestProject1\obj\Debug\net6.0\TestProject1.pdb
2024-05-16 16:30:52.254040 ║INFO	║ 15436	║ process file v:\lab12\lab12\TestProject1\obj\project.assets.json
2024-05-16 16:30:52.259044 ║INFO	║ 15436	║ process file v:\lab12\lab12\TestProject1\obj\project.nuget.cache
2024-05-16 16:30:52.264049 ║INFO	║ 15436	║ process file v:\lab12\lab12\TestProject1\obj\project.packagespec.json
2024-05-16 16:30:52.270053 ║INFO	║ 15436	║ process file v:\lab12\lab12\TestProject1\obj\rider.project.model.nuget.info
2024-05-16 16:30:52.275059 ║INFO	║ 15436	║ process file v:\lab12\lab12\TestProject1\obj\rider.project.restore.info
2024-05-16 16:30:52.281064 ║INFO	║ 15436	║ process file v:\lab12\lab12\TestProject1\obj\TestProject1.csproj.nuget.dgspec.json
2024-05-16 16:30:52.286069 ║INFO	║ 15436	║ process file v:\lab12\lab12\TestProject1\obj\TestProject1.csproj.nuget.g.props
2024-05-16 16:30:52.291073 ║INFO	║ 15436	║ process file v:\lab12\lab12\TestProject1\obj\TestProject1.csproj.nuget.g.targets
2024-05-16 16:30:52.295077 ║INFO	║ 15436	║ process file v:\lab12\lab12\TestProject1\TestProject1.csproj
2024-05-16 16:30:52.301082 ║INFO	║ 15436	║ process file v:\lab12\lab12\TestProject1\UnitTest1.cs
2024-05-16 16:30:52.306087 ║INFO	║ 15436	║ process file v:\lab12\lab12\TestProject1\Usings.cs
2024-05-16 16:30:52.310090 ║INFO	║ 15436	║ process file v:\lab12\lab12\global.json
2024-05-16 16:30:52.315094 ║INFO	║ 15436	║ process file v:\lab12\lab12\lab12.sln
2024-05-16 16:30:52.320099 ║INFO	║ 15436	║ process file v:\lab12\lab12\lab12.sln.DotSettings.user
2024-05-16 16:30:52.325104 ║INFO	║ 15436	║ process file v:\lab12\lab12
2024-05-16 16:32:24.910338 ║INFO	║ 15436	║ Finalize
2024-05-16 16:32:24.919346 ║INFO	║ 15436	║ Finalize done
